<?xml version="1.0" encoding="UTF-8"?>
<!-- Generated by org.testng.reporters.JUnitXMLReporter -->
<testsuite ignored="0" hostname="bruce" failures="0" tests="11" name="Test" time="194.616" errors="0" timestamp="2023-09-07T14:06:01 IST">
  <testcase classname="com.amazonV1.TestCases.TC_HOMEPAGEMODULES_001" name="homepagemodulesTest" time="1.628"/>
  <testcase classname="com.amazonV1.TestCases.TC_ReguserLogin_002" name="SignUptest" time="4.486"/>
  <testcase classname="com.amazonV1.TestCases.TC_LoginwithWORNGcredentials_003" name="NegativeCredentials" time="9.633"/>
  <testcase classname="com.amazonV1.TestCases.TC_SearcgBoxTest_004" name="sortproduct" time="19.448"/>
  <testcase classname="com.amazonV1.TestCases.TC_SearcgBoxTest_004" name="sortproduct" time="32.306"/>
  <testcase classname="com.amazonV1.TestCases.TC_ProductDisplayedVerification_005" name="RightProductDisplayed" time="5.067"/>
  <testcase classname="com.amazonV1.TestCases.TC_SearcgBoxTest_004" name="sortproduct" time="31.179"/>
  <testcase classname="com.amazonV1.TestCases.TC_FilterandsortingTest_006" name="applyingFiltersANDsort" time="3.578"/>
  <testcase classname="com.amazonV1.TestCases.TC_FilterandsortingTest_006" name="filteringProduct" time="16.145"/>
  <testcase classname="com.amazonV1.TestCases.TC_SearcgBoxTest_004" name="sortproduct" time="14.686"/>
  <testcase classname="com.amazonV1.TestCases.TC_AddProductTOcartTest_007" name="addingtocart" time="18.108"/>
</testsuite> <!-- Test -->
